[2023-07-18 15:23:22,639: INFO: main: welocme to my log]
[2023-07-20 11:35:29,669: INFO: common: yaml file: config\config.yaml loaded successfully]
[2023-07-20 11:35:29,684: INFO: common: yaml file: params.yaml loaded successfully]
[2023-07-20 11:43:17,357: INFO: common: yaml file: config\config.yaml loaded successfully]
[2023-07-20 11:43:17,359: INFO: common: yaml file: params.yaml loaded successfully]
[2023-07-20 11:46:12,609: INFO: common: yaml file: config\config.yaml loaded successfully]
[2023-07-20 11:46:12,612: INFO: common: yaml file: params.yaml loaded successfully]
[2023-07-20 11:46:14,185: INFO: common: yaml file: config\config.yaml loaded successfully]
[2023-07-20 11:46:14,197: INFO: common: yaml file: params.yaml loaded successfully]
[2023-07-20 11:46:14,870: INFO: common: yaml file: config\config.yaml loaded successfully]
[2023-07-20 11:46:14,873: INFO: common: yaml file: params.yaml loaded successfully]
[2023-07-20 11:46:15,279: INFO: common: yaml file: config\config.yaml loaded successfully]
[2023-07-20 11:46:15,281: INFO: common: yaml file: params.yaml loaded successfully]
[2023-07-20 11:51:16,423: INFO: common: yaml file: config\config.yaml loaded successfully]
[2023-07-20 11:51:16,425: INFO: common: yaml file: params.yaml loaded successfully]
[2023-07-20 11:51:17,478: INFO: common: yaml file: config\config.yaml loaded successfully]
[2023-07-20 11:51:17,481: INFO: common: yaml file: params.yaml loaded successfully]
[2023-07-20 11:51:17,924: INFO: common: yaml file: config\config.yaml loaded successfully]
[2023-07-20 11:51:17,927: INFO: common: yaml file: params.yaml loaded successfully]
[2023-07-20 11:52:58,856: INFO: common: yaml file: config\config.yaml loaded successfully]
[2023-07-20 11:52:58,859: INFO: common: yaml file: params.yaml loaded successfully]
[2023-07-20 11:52:59,558: INFO: common: yaml file: config\config.yaml loaded successfully]
[2023-07-20 11:52:59,561: INFO: common: yaml file: params.yaml loaded successfully]
[2023-07-20 11:53:00,247: INFO: common: yaml file: config\config.yaml loaded successfully]
[2023-07-20 11:53:00,250: INFO: common: yaml file: params.yaml loaded successfully]
[2023-07-20 11:55:48,836: INFO: common: yaml file: config\config.yaml loaded successfully]
[2023-07-20 11:55:48,839: INFO: common: yaml file: params.yaml loaded successfully]
[2023-07-20 12:18:14,356: INFO: common: yaml file: config\config.yaml loaded successfully]
[2023-07-20 12:18:14,363: INFO: common: yaml file: params.yaml loaded successfully]
[2023-07-20 12:21:57,587: INFO: common: yaml file: config\config.yaml loaded successfully]
[2023-07-20 12:21:57,592: INFO: common: yaml file: params.yaml loaded successfully]
[2023-07-20 12:21:59,132: INFO: common: yaml file: config\config.yaml loaded successfully]
[2023-07-20 12:21:59,137: INFO: common: yaml file: params.yaml loaded successfully]
[2023-07-20 12:27:40,606: INFO: common: yaml file: config\config.yaml loaded successfully]
[2023-07-20 12:27:40,626: INFO: common: yaml file: params.yaml loaded successfully]
[2023-07-20 12:27:40,633: INFO: common: created directory at: artifacts]
[2023-07-20 12:27:40,638: INFO: common: created directory at: artifacts/data_ingestion]
[2023-07-20 12:31:04,007: INFO: common: yaml file: config\config.yaml loaded successfully]
[2023-07-20 12:31:04,013: INFO: common: yaml file: params.yaml loaded successfully]
[2023-07-20 12:31:04,017: INFO: common: created directory at: artifacts]
[2023-07-20 12:31:04,022: INFO: common: created directory at: artifacts/data_ingestion]
[2023-07-20 12:31:29,099: INFO: 4037744573: artifacts/data_ingestion/data.zip download! with following info: 
Connection: close
Content-Length: 11616915
Cache-Control: max-age=300
Content-Security-Policy: default-src 'none'; style-src 'unsafe-inline'; sandbox
Content-Type: application/zip
ETag: "adf745abc03891fe493c3be264ec012691fe3fa21d861f35a27edbe6d86a76b1"
Strict-Transport-Security: max-age=31536000
X-Content-Type-Options: nosniff
X-Frame-Options: deny
X-XSS-Protection: 1; mode=block
X-GitHub-Request-Id: 652A:355447:143A7:1A51D:64B8DBAC
Accept-Ranges: bytes
Date: Thu, 20 Jul 2023 07:01:02 GMT
Via: 1.1 varnish
X-Served-By: cache-ccu830044-CCU
X-Cache: MISS
X-Cache-Hits: 0
X-Timer: S1689836461.040147,VS0,VE984
Vary: Authorization,Accept-Encoding,Origin
Access-Control-Allow-Origin: *
Cross-Origin-Resource-Policy: cross-origin
X-Fastly-Request-ID: f731d06ba6107072a7c24032c12abd23388c90b9
Expires: Thu, 20 Jul 2023 07:06:02 GMT
Source-Age: 1

]
[2023-07-20 12:51:00,326: INFO: main: >>>>>> stage Data Ingestion stage started <<<<<<]
[2023-07-20 12:51:00,330: INFO: common: yaml file: config\config.yaml loaded successfully]
[2023-07-20 12:51:00,333: INFO: common: yaml file: params.yaml loaded successfully]
[2023-07-20 12:51:00,335: INFO: common: created directory at: artifacts]
[2023-07-20 12:51:00,337: INFO: common: created directory at: artifacts/data_ingestion]
[2023-07-20 12:51:21,463: INFO: data_ingestion: artifacts/data_ingestion/data.zip download! with following info: 
Connection: close
Content-Length: 11616915
Cache-Control: max-age=300
Content-Security-Policy: default-src 'none'; style-src 'unsafe-inline'; sandbox
Content-Type: application/zip
ETag: "adf745abc03891fe493c3be264ec012691fe3fa21d861f35a27edbe6d86a76b1"
Strict-Transport-Security: max-age=31536000
X-Content-Type-Options: nosniff
X-Frame-Options: deny
X-XSS-Protection: 1; mode=block
X-GitHub-Request-Id: 652A:355447:143A7:1A51D:64B8DBAC
Accept-Ranges: bytes
Date: Thu, 20 Jul 2023 07:20:57 GMT
Via: 1.1 varnish
X-Served-By: cache-ccu830036-CCU
X-Cache: HIT
X-Cache-Hits: 0
X-Timer: S1689837657.450818,VS0,VE340
Vary: Authorization,Accept-Encoding,Origin
Access-Control-Allow-Origin: *
Cross-Origin-Resource-Policy: cross-origin
X-Fastly-Request-ID: ac2d19958a289a11fd075831255bc129fbac51c0
Expires: Thu, 20 Jul 2023 07:25:57 GMT
Source-Age: 0

]
[2023-07-20 12:51:22,677: INFO: main: >>>>>> stage Data Ingestion stage completed <<<<<<

x==========x]
[2023-07-20 13:05:54,188: INFO: common: yaml file: config\config.yaml loaded successfully]
[2023-07-20 13:05:54,211: INFO: common: yaml file: params.yaml loaded successfully]
[2023-07-20 13:05:54,214: INFO: common: created directory at: artifacts]
[2023-07-20 13:05:54,218: INFO: common: created directory at: artifacts/prepare_base_model]
[2023-07-20 13:07:40,915: WARNING: saving_utils: Compiled the loaded model, but the compiled metrics have yet to be built. `model.compile_metrics` will be empty until you train or evaluate the model.]
[2023-07-20 13:18:58,242: INFO: main: >>>>>> stage Data Ingestion stage started <<<<<<]
[2023-07-20 13:18:58,246: INFO: common: yaml file: config\config.yaml loaded successfully]
[2023-07-20 13:18:58,249: INFO: common: yaml file: params.yaml loaded successfully]
[2023-07-20 13:18:58,251: INFO: common: created directory at: artifacts]
[2023-07-20 13:18:58,253: INFO: common: created directory at: artifacts/data_ingestion]
[2023-07-20 13:19:25,654: INFO: data_ingestion: artifacts/data_ingestion/data.zip download! with following info: 
Connection: close
Content-Length: 11616915
Cache-Control: max-age=300
Content-Security-Policy: default-src 'none'; style-src 'unsafe-inline'; sandbox
Content-Type: application/zip
ETag: "adf745abc03891fe493c3be264ec012691fe3fa21d861f35a27edbe6d86a76b1"
Strict-Transport-Security: max-age=31536000
X-Content-Type-Options: nosniff
X-Frame-Options: deny
X-XSS-Protection: 1; mode=block
X-GitHub-Request-Id: 652A:355447:143A7:1A51D:64B8DBAC
Accept-Ranges: bytes
Date: Thu, 20 Jul 2023 07:48:55 GMT
Via: 1.1 varnish
X-Served-By: cache-ccu830036-CCU
X-Cache: HIT
X-Cache-Hits: 0
X-Timer: S1689839336.646655,VS0,VE349
Vary: Authorization,Accept-Encoding,Origin
Access-Control-Allow-Origin: *
Cross-Origin-Resource-Policy: cross-origin
X-Fastly-Request-ID: fcde8ba3ce532480dbb56d9dc0fc635f15b2350b
Expires: Thu, 20 Jul 2023 07:53:55 GMT
Source-Age: 0

]
[2023-07-20 13:19:26,891: INFO: main: >>>>>> stage Data Ingestion stage completed <<<<<<

x==========x]
[2023-07-20 13:19:26,892: INFO: main: *******************]
[2023-07-20 13:19:26,899: INFO: main: >>>>>> stage Prepare base model started <<<<<<]
[2023-07-20 13:19:26,906: INFO: common: yaml file: config\config.yaml loaded successfully]
[2023-07-20 13:19:26,909: INFO: common: yaml file: params.yaml loaded successfully]
[2023-07-20 13:19:26,915: INFO: common: created directory at: artifacts]
[2023-07-20 13:19:26,917: INFO: common: created directory at: artifacts/prepare_base_model]
[2023-07-20 13:19:28,519: WARNING: saving_utils: Compiled the loaded model, but the compiled metrics have yet to be built. `model.compile_metrics` will be empty until you train or evaluate the model.]
[2023-07-20 13:19:29,669: INFO: main: >>>>>> stage Prepare base model completed <<<<<<

x==========x]
[2023-07-20 13:33:52,435: INFO: common: yaml file: config\config.yaml loaded successfully]
[2023-07-20 13:33:52,443: INFO: common: yaml file: params.yaml loaded successfully]
[2023-07-20 13:33:52,448: INFO: common: created directory at: artifacts]
[2023-07-20 13:33:52,456: INFO: common: created directory at: artifacts\prepare_callbacks\checkpoint_dir]
[2023-07-20 13:33:52,459: INFO: common: created directory at: artifacts\prepare_callbacks\tensorboard_log_dir]
[2023-07-20 13:41:26,532: INFO: common: yaml file: config\config.yaml loaded successfully]
[2023-07-20 13:41:26,539: INFO: common: yaml file: params.yaml loaded successfully]
[2023-07-20 13:41:26,542: INFO: common: created directory at: artifacts]
[2023-07-20 13:41:26,546: INFO: common: created directory at: artifacts\prepare_callbacks\checkpoint_dir]
[2023-07-20 13:41:26,549: INFO: common: created directory at: artifacts\prepare_callbacks\tensorboard_log_dir]
[2023-07-20 13:54:13,068: INFO: common: yaml file: config\config.yaml loaded successfully]
[2023-07-20 13:54:13,074: INFO: common: yaml file: params.yaml loaded successfully]
[2023-07-20 13:54:13,078: INFO: common: created directory at: artifacts]
[2023-07-20 13:54:13,081: INFO: common: created directory at: artifacts\prepare_callbacks\checkpoint_dir]
[2023-07-20 13:54:13,085: INFO: common: created directory at: artifacts\prepare_callbacks\tensorboard_log_dir]
[2023-07-20 13:55:12,964: INFO: common: yaml file: config\config.yaml loaded successfully]
[2023-07-20 13:55:12,970: INFO: common: yaml file: params.yaml loaded successfully]
[2023-07-20 13:55:12,974: INFO: common: created directory at: artifacts]
[2023-07-20 13:55:12,978: INFO: common: created directory at: artifacts\prepare_callbacks\checkpoint_dir]
[2023-07-20 13:55:12,981: INFO: common: created directory at: artifacts\prepare_callbacks\tensorboard_log_dir]
[2023-07-20 13:55:12,986: INFO: common: created directory at: artifacts\training]
[2023-07-20 14:13:27,303: INFO: main: >>>>>> stage Data Ingestion stage started <<<<<<]
[2023-07-20 14:13:27,316: INFO: common: yaml file: config\config.yaml loaded successfully]
[2023-07-20 14:13:27,326: INFO: common: yaml file: params.yaml loaded successfully]
[2023-07-20 14:13:27,328: INFO: common: created directory at: artifacts]
[2023-07-20 14:13:27,334: INFO: common: created directory at: artifacts/data_ingestion]
[2023-07-20 14:14:01,903: INFO: data_ingestion: artifacts/data_ingestion/data.zip download! with following info: 
Connection: close
Content-Length: 11616915
Cache-Control: max-age=300
Content-Security-Policy: default-src 'none'; style-src 'unsafe-inline'; sandbox
Content-Type: application/zip
ETag: "adf745abc03891fe493c3be264ec012691fe3fa21d861f35a27edbe6d86a76b1"
Strict-Transport-Security: max-age=31536000
X-Content-Type-Options: nosniff
X-Frame-Options: deny
X-XSS-Protection: 1; mode=block
X-GitHub-Request-Id: 5920:32F20E:3A3B5:5412A:64B8F3AB
Accept-Ranges: bytes
Date: Thu, 20 Jul 2023 08:43:25 GMT
Via: 1.1 varnish
X-Served-By: cache-ccu830021-CCU
X-Cache: MISS
X-Cache-Hits: 0
X-Timer: S1689842605.724702,VS0,VE1264
Vary: Authorization,Accept-Encoding,Origin
Access-Control-Allow-Origin: *
Cross-Origin-Resource-Policy: cross-origin
X-Fastly-Request-ID: 1058b1f8223495e0a4e4f5fe91608ffea235cbb4
Expires: Thu, 20 Jul 2023 08:48:25 GMT
Source-Age: 1

]
[2023-07-20 14:14:03,177: INFO: main: >>>>>> stage Data Ingestion stage completed <<<<<<

x==========x]
[2023-07-20 14:14:03,183: INFO: main: *******************]
[2023-07-20 14:14:03,184: INFO: main: >>>>>> stage Prepare base model started <<<<<<]
[2023-07-20 14:14:03,189: INFO: common: yaml file: config\config.yaml loaded successfully]
[2023-07-20 14:14:03,192: INFO: common: yaml file: params.yaml loaded successfully]
[2023-07-20 14:14:03,193: INFO: common: created directory at: artifacts]
[2023-07-20 14:14:03,195: INFO: common: created directory at: artifacts/prepare_base_model]
[2023-07-20 14:14:04,643: WARNING: saving_utils: Compiled the loaded model, but the compiled metrics have yet to be built. `model.compile_metrics` will be empty until you train or evaluate the model.]
[2023-07-20 14:14:09,793: INFO: main: >>>>>> stage Prepare base model completed <<<<<<

x==========x]
[2023-07-20 14:14:09,803: INFO: main: *******************]
[2023-07-20 14:14:09,823: INFO: main: >>>>>> stage Training started <<<<<<]
[2023-07-20 14:14:09,853: INFO: common: yaml file: config\config.yaml loaded successfully]
[2023-07-20 14:14:09,860: INFO: common: yaml file: params.yaml loaded successfully]
[2023-07-20 14:14:09,865: INFO: common: created directory at: artifacts]
[2023-07-20 14:14:09,877: INFO: common: created directory at: artifacts\prepare_callbacks\checkpoint_dir]
[2023-07-20 14:14:09,884: INFO: common: created directory at: artifacts\prepare_callbacks\tensorboard_log_dir]
[2023-07-20 14:14:09,898: ERROR: main: 'WindowsPath' object has no attribute 'endswith']
Traceback (most recent call last):
  File "C:\Users\Bhushan\OneDrive - College of Engineering Pune(An autonomous Institute of Govt. of Maharashtra)\Desktop\Projects\Chicken-Disease-Classifier\main.py", line 33, in <module>
    model_trainer.main()
  File "C:\Users\Bhushan\OneDrive - College of Engineering Pune(An autonomous Institute of Govt. of Maharashtra)\Desktop\Projects\Chicken-Disease-Classifier\src\cnnClassifier\pipeline\stage_03_training.py", line 18, in main
    callback_list = prepare_callbacks.get_tb_ckpt_callbacks()
                    ^^^^^^^^^^^^^^^^^^^^^^^^^^^^^^^^^^^^^^^^^
  File "C:\Users\Bhushan\OneDrive - College of Engineering Pune(An autonomous Institute of Govt. of Maharashtra)\Desktop\Projects\Chicken-Disease-Classifier\src\cnnClassifier\components\prepare_callbacks.py", line 32, in get_tb_ckpt_callbacks
    self._create_ckpt_callbacks
  File "C:\Users\Bhushan\OneDrive - College of Engineering Pune(An autonomous Institute of Govt. of Maharashtra)\Desktop\Projects\Chicken-Disease-Classifier\src\cnnClassifier\components\prepare_callbacks.py", line 24, in _create_ckpt_callbacks
    return tf.keras.callbacks.ModelCheckpoint(
           ^^^^^^^^^^^^^^^^^^^^^^^^^^^^^^^^^^^
  File "C:\Users\Bhushan\AppData\Local\Packages\PythonSoftwareFoundation.Python.3.11_qbz5n2kfra8p0\LocalCache\local-packages\Python311\site-packages\keras\src\callbacks.py", line 1369, in __init__
    if filepath and filepath.endswith(".keras") and options is not None:
                    ^^^^^^^^^^^^^^^^^
AttributeError: 'WindowsPath' object has no attribute 'endswith'
[2023-07-20 14:15:58,171: INFO: main: >>>>>> stage Data Ingestion stage started <<<<<<]
[2023-07-20 14:15:58,178: INFO: common: yaml file: config\config.yaml loaded successfully]
[2023-07-20 14:15:58,183: INFO: common: yaml file: params.yaml loaded successfully]
[2023-07-20 14:15:58,187: INFO: common: created directory at: artifacts]
[2023-07-20 14:15:58,190: INFO: common: created directory at: artifacts/data_ingestion]
[2023-07-20 14:17:45,629: INFO: data_ingestion: artifacts/data_ingestion/data.zip download! with following info: 
Connection: close
Content-Length: 11616915
Cache-Control: max-age=300
Content-Security-Policy: default-src 'none'; style-src 'unsafe-inline'; sandbox
Content-Type: application/zip
ETag: "adf745abc03891fe493c3be264ec012691fe3fa21d861f35a27edbe6d86a76b1"
Strict-Transport-Security: max-age=31536000
X-Content-Type-Options: nosniff
X-Frame-Options: deny
X-XSS-Protection: 1; mode=block
X-GitHub-Request-Id: 5920:32F20E:3A3B5:5412A:64B8F3AB
Accept-Ranges: bytes
Date: Thu, 20 Jul 2023 08:45:55 GMT
Via: 1.1 varnish
X-Served-By: cache-ccu830022-CCU
X-Cache: HIT
X-Cache-Hits: 0
X-Timer: S1689842756.559155,VS0,VE1
Vary: Authorization,Accept-Encoding,Origin
Access-Control-Allow-Origin: *
Cross-Origin-Resource-Policy: cross-origin
X-Fastly-Request-ID: e964e39433d5baf34bde48a019033d0d7f105aa1
Expires: Thu, 20 Jul 2023 08:50:55 GMT
Source-Age: 151

]
[2023-07-20 14:17:47,504: INFO: main: >>>>>> stage Data Ingestion stage completed <<<<<<

x==========x]
[2023-07-20 14:17:47,530: INFO: main: *******************]
[2023-07-20 14:17:47,540: INFO: main: >>>>>> stage Prepare base model started <<<<<<]
[2023-07-20 14:17:47,570: INFO: common: yaml file: config\config.yaml loaded successfully]
[2023-07-20 14:17:47,593: INFO: common: yaml file: params.yaml loaded successfully]
[2023-07-20 14:17:47,604: INFO: common: created directory at: artifacts]
[2023-07-20 14:17:47,628: INFO: common: created directory at: artifacts/prepare_base_model]
[2023-07-20 14:17:50,233: WARNING: saving_utils: Compiled the loaded model, but the compiled metrics have yet to be built. `model.compile_metrics` will be empty until you train or evaluate the model.]
[2023-07-20 14:17:52,182: INFO: main: >>>>>> stage Prepare base model completed <<<<<<

x==========x]
[2023-07-20 14:17:52,237: INFO: main: *******************]
[2023-07-20 14:17:52,262: INFO: main: >>>>>> stage Training started <<<<<<]
[2023-07-20 14:17:52,298: INFO: common: yaml file: config\config.yaml loaded successfully]
[2023-07-20 14:17:52,307: INFO: common: yaml file: params.yaml loaded successfully]
[2023-07-20 14:17:52,313: INFO: common: created directory at: artifacts]
[2023-07-20 14:17:52,337: INFO: common: created directory at: artifacts\prepare_callbacks\checkpoint_dir]
[2023-07-20 14:17:52,350: INFO: common: created directory at: artifacts\prepare_callbacks\tensorboard_log_dir]
[2023-07-20 14:17:52,387: INFO: common: created directory at: artifacts\training]
[2023-07-20 14:22:06,979: INFO: main: >>>>>> stage Training completed <<<<<<

x==========x]
[2023-07-20 14:34:36,154: INFO: common: yaml file: config\config.yaml loaded successfully]
[2023-07-20 14:34:36,163: INFO: common: yaml file: params.yaml loaded successfully]
[2023-07-20 14:34:36,166: INFO: common: created directory at: artifacts]
[2023-07-20 14:35:42,481: INFO: common: json file saved at: scores.json]
[2023-07-20 14:40:57,906: INFO: main: >>>>>> stage Data Ingestion stage started <<<<<<]
[2023-07-20 14:40:57,922: INFO: common: yaml file: config\config.yaml loaded successfully]
[2023-07-20 14:40:57,932: INFO: common: yaml file: params.yaml loaded successfully]
[2023-07-20 14:40:57,934: INFO: common: created directory at: artifacts]
[2023-07-20 14:40:57,935: INFO: common: created directory at: artifacts/data_ingestion]
[2023-07-20 14:41:27,149: INFO: data_ingestion: artifacts/data_ingestion/data.zip download! with following info: 
Connection: close
Content-Length: 11616915
Cache-Control: max-age=300
Content-Security-Policy: default-src 'none'; style-src 'unsafe-inline'; sandbox
Content-Type: application/zip
ETag: "adf745abc03891fe493c3be264ec012691fe3fa21d861f35a27edbe6d86a76b1"
Strict-Transport-Security: max-age=31536000
X-Content-Type-Options: nosniff
X-Frame-Options: deny
X-XSS-Protection: 1; mode=block
X-GitHub-Request-Id: 5920:32F20E:3A3B5:5412A:64B8F3AB
Accept-Ranges: bytes
Date: Thu, 20 Jul 2023 09:10:54 GMT
Via: 1.1 varnish
X-Served-By: cache-ccu830036-CCU
X-Cache: HIT
X-Cache-Hits: 0
X-Timer: S1689844255.545019,VS0,VE321
Vary: Authorization,Accept-Encoding,Origin
Access-Control-Allow-Origin: *
Cross-Origin-Resource-Policy: cross-origin
X-Fastly-Request-ID: 7916c3bd81525fd36659b77876b3374e872cd6eb
Expires: Thu, 20 Jul 2023 09:15:54 GMT
Source-Age: 0

]
[2023-07-20 14:41:28,329: INFO: main: >>>>>> stage Data Ingestion stage completed <<<<<<

x==========x]
[2023-07-20 14:41:28,331: INFO: main: *******************]
[2023-07-20 14:41:28,332: INFO: main: >>>>>> stage Prepare base model started <<<<<<]
[2023-07-20 14:41:28,356: INFO: common: yaml file: config\config.yaml loaded successfully]
[2023-07-20 14:41:28,369: INFO: common: yaml file: params.yaml loaded successfully]
[2023-07-20 14:41:28,376: INFO: common: created directory at: artifacts]
[2023-07-20 14:41:28,403: INFO: common: created directory at: artifacts/prepare_base_model]
[2023-07-20 14:41:29,689: WARNING: saving_utils: Compiled the loaded model, but the compiled metrics have yet to be built. `model.compile_metrics` will be empty until you train or evaluate the model.]
[2023-07-20 14:41:30,422: INFO: main: >>>>>> stage Prepare base model completed <<<<<<

x==========x]
[2023-07-20 14:41:30,422: INFO: main: *******************]
[2023-07-20 14:41:30,424: INFO: main: >>>>>> stage Training started <<<<<<]
[2023-07-20 14:41:30,429: INFO: common: yaml file: config\config.yaml loaded successfully]
[2023-07-20 14:41:30,432: INFO: common: yaml file: params.yaml loaded successfully]
[2023-07-20 14:41:30,439: INFO: common: created directory at: artifacts]
[2023-07-20 14:41:30,445: INFO: common: created directory at: artifacts\prepare_callbacks\checkpoint_dir]
[2023-07-20 14:41:30,447: INFO: common: created directory at: artifacts\prepare_callbacks\tensorboard_log_dir]
[2023-07-20 14:41:30,456: INFO: common: created directory at: artifacts\training]
[2023-07-20 14:43:48,096: INFO: main: >>>>>> stage Training completed <<<<<<

x==========x]
[2023-07-20 14:43:48,098: INFO: main: *******************]
[2023-07-20 14:43:48,098: INFO: main: >>>>>> stage Evaluation stage started <<<<<<]
[2023-07-20 14:43:48,102: INFO: common: yaml file: config\config.yaml loaded successfully]
[2023-07-20 14:43:48,105: INFO: common: yaml file: params.yaml loaded successfully]
[2023-07-20 14:43:48,106: INFO: common: created directory at: artifacts]
[2023-07-20 14:44:33,775: INFO: common: json file saved at: scores.json]
[2023-07-20 14:44:33,776: INFO: main: >>>>>> stage Evaluation stage completed <<<<<<

x==========x]
[2023-07-29 12:41:52,488: INFO: stage_01_data_ingestion: >>>>>> stage Data Ingestion stage started <<<<<<]
[2023-07-29 12:41:52,493: INFO: common: yaml file: config\config.yaml loaded successfully]
[2023-07-29 12:41:52,496: INFO: common: yaml file: params.yaml loaded successfully]
[2023-07-29 12:41:52,497: INFO: common: created directory at: artifacts]
[2023-07-29 12:41:52,499: INFO: common: created directory at: artifacts/data_ingestion]
[2023-07-29 12:41:52,500: INFO: data_ingestion: File already exists of size: ~ 11345 KB]
[2023-07-29 12:41:53,798: INFO: stage_01_data_ingestion: >>>>>> stage Data Ingestion stage completed <<<<<<

x==========x]
[2023-07-29 12:43:15,052: INFO: stage_02_prepare_base_model: *******************]
[2023-07-29 12:43:15,054: INFO: stage_02_prepare_base_model: >>>>>> stage Prepare base model started <<<<<<]
[2023-07-29 12:43:15,061: INFO: common: yaml file: config\config.yaml loaded successfully]
[2023-07-29 12:43:15,066: INFO: common: yaml file: params.yaml loaded successfully]
[2023-07-29 12:43:15,068: INFO: common: created directory at: artifacts]
[2023-07-29 12:43:15,071: INFO: common: created directory at: artifacts/prepare_base_model]
[2023-07-29 12:43:16,457: WARNING: saving_utils: Compiled the loaded model, but the compiled metrics have yet to be built. `model.compile_metrics` will be empty until you train or evaluate the model.]
[2023-07-29 12:43:18,166: INFO: stage_02_prepare_base_model: >>>>>> stage Prepare base model completed <<<<<<

x==========x]
[2023-07-29 12:43:40,922: INFO: stage_03_training: *******************]
[2023-07-29 12:43:40,924: INFO: stage_03_training: >>>>>> stage Training started <<<<<<]
[2023-07-29 12:43:40,930: INFO: common: yaml file: config\config.yaml loaded successfully]
[2023-07-29 12:43:40,935: INFO: common: yaml file: params.yaml loaded successfully]
[2023-07-29 12:43:40,937: INFO: common: created directory at: artifacts]
[2023-07-29 12:43:40,939: INFO: common: created directory at: artifacts\prepare_callbacks\checkpoint_dir]
[2023-07-29 12:43:40,940: INFO: common: created directory at: artifacts\prepare_callbacks\tensorboard_log_dir]
[2023-07-29 12:43:40,956: INFO: common: created directory at: artifacts\training]
[2023-07-29 12:48:04,440: INFO: stage_03_training: >>>>>> stage Training completed <<<<<<

x==========x]
[2023-07-29 12:48:27,991: INFO: stage_04_evaluation: *******************]
[2023-07-29 12:48:27,991: INFO: stage_04_evaluation: >>>>>> stage Evaluation stage started <<<<<<]
[2023-07-29 12:48:27,996: INFO: common: yaml file: config\config.yaml loaded successfully]
[2023-07-29 12:48:27,998: INFO: common: yaml file: params.yaml loaded successfully]
[2023-07-29 12:48:27,999: INFO: common: created directory at: artifacts]
[2023-07-29 12:49:43,670: INFO: common: json file saved at: scores.json]
[2023-07-29 12:49:43,671: INFO: stage_04_evaluation: >>>>>> stage Evaluation stage completed <<<<<<

x==========x]
[2023-07-29 13:14:53,431: INFO: _internal: [31m[1mWARNING: This is a development server. Do not use it in a production deployment. Use a production WSGI server instead.[0m
 * Running on all addresses (0.0.0.0)
 * Running on http://127.0.0.1:8080
 * Running on http://192.168.43.250:8080]
[2023-07-29 13:14:53,433: INFO: _internal: [33mPress CTRL+C to quit[0m]
[2023-07-29 13:15:09,620: INFO: _internal: 127.0.0.1 - - [29/Jul/2023 13:15:09] "GET / HTTP/1.1" 200 -]
[2023-07-29 13:16:07,381: INFO: _internal: 127.0.0.1 - - [29/Jul/2023 13:16:07] "POST /predict HTTP/1.1" 200 -]
[2023-07-29 13:16:22,478: INFO: _internal: 127.0.0.1 - - [29/Jul/2023 13:16:22] "POST /predict HTTP/1.1" 200 -]
